nohup: ignoring input
[startup] URLVoid API key not configured - using mock data
[startup] Scamadvisor API key not configured - using mock data
[startup] Server running on http://localhost:3002
Started development server: http://localhost:3000
[check] https://google.com - cache miss (343ms)
[check] https://example.com - cache miss (67ms)
[check] https://www.reddit.com/search/?q=%22Raad+Saad%22&source=trending&cId=caae3228-48c6-4a84-9b70-5441e1efe55b&iId=f7b09467-a855-4b43-999a-b6c98f606cd1 - cache miss (28ms)
[check] https://www.reddit.com/r/popular/best/?geo_filter=ca - cached hit (10ms)
[check] https://www.reddit.com/r/todayilearned/comments/1plworj/til_in_2002_eminem_had_the_1_film_at_the_box/ - cached hit (2ms)
[check] https://www.reddit.com/r/CringeTikToks/comments/1plrw84/karen_blocks_road_with_her_truck_and_calls_ice_on/ - cached hit (1ms)
[check] https://www.reddit.com/r/ProgressiveHQ/comments/1plwtx4/sad_facts_are/ - cached hit (0ms)
[check] https://www.reddit.com/r/legaladvice - cached hit (0ms)
[check] https://ads.reddit.com/register?utm_source=web3x_consumer&utm_name=left_nav_cta - cache miss (7ms)
[check] https://www.reddit.com/r/RedDeadOnline - cached hit (3ms)
[check] https://www.google.com/search?sca_esv=c249fe050a18e619&q=YouTube+app+download&sa=X&ved=2ahUKEwjdm-_g97uRAxVH-QIHHQlAM7wQ1QJ6BAgvEAE - cache miss (20ms)
[check] https://www.google.com/search?q=youtube&oq=you&gs_lcrp=EgZjaHJvbWUqEAgAEAAYgwEY4wIYsQMYgAQyEAgAEAAYgwEY4wIYsQMYgAQyDQgBEC4YgwEYsQMYgAQyDQgCEC4YgwEYsQMYgAQyDQgDEAAYgwEYsQMYgAQyDQgEEAAYgwEYsQMYgAQyBwgFEAAYgAQyBggGEAUYQDIGCAcQRRg90gEHNDQ3ajBqNKgCALACAQ&sourceid=chrome&ie=UTF-8# - cached hit (5ms)
[check] https://static.doubleclick.net/instream/ad_status.js - cache miss (98ms)
[check] https://www.youtube.com/ads/ - cache miss (10ms)
[check] https://widgets.outbrain.com/widgetOBUserSync/obUserSync.html#pid=38777&dmpenabled=true&filterDMP=&d=tpx9PQeuXow_4GlD3H3lmskX4aqWVDldst5mmL9ZAwoCvqeH17IaS6h4kd7l3RwI&gdpr=0&cmpNeeded=false&gdprVer=null&ccpa=1---&country=IL&obRecsAbtestAndVars=1537-5722,1922-7700,1794-7205,1538-5737,1475-5273,1539-5743,1668-6474,1540-5753,1733-6818,1865-7480,1164-3777,1615-6421,1359-5583,1551-5797,1169-3790,1682-6548,1431-5163,1240-6494,792-2426,1502-5477,1759-6987,1888-7592,1508-5566,1833-7581,1769-7600,1842-7407,1779-7122,1909-7660,1653-6384,822-2522,1849-7432,1852-7438&initiator=ob&attributionSrc=true - cache miss (43ms)
[check] https://cbfee88f499ce9abb21d725b9c1515cc.safeframe.googlesyndication.com/safeframe/1-0-45/html/container.html - cache miss (42ms)
[check] https://www.google-analytics.com/analytics.js - cache miss (62ms)
[check] https://www.googletagmanager.com/gtag/js?id=G-1RMRQ6L233&cx=c&gtm=4e5ca1 - cache miss (12ms)
[check] https://www.googletagmanager.com/gtm.js?id=GTM-PSQF897 - cached hit (10ms)
[check] https://securepubads.g.doubleclick.net/tag/js/gpt.js - cache miss (58ms)
[check] https://securepubads.g.doubleclick.net/pagead/managed/js/gpt/m202512040101/pubads_impl.js - cached hit (14ms)
[check] http://www.ice.co.il - cache miss (7ms)
[check] https://widgets.outbrain.com/nanoWidget/e830f60f554_2025-12-11/module/publisherIDsCollector.js?e=1 - cached hit (2ms)
[check] http://www.ice.co.il - cached hit (1ms)
[check] https://www.googletagmanager.com/gtag/js?id=UA-16336374-1 - cached hit (1ms)
[check] https://widgets.outbrain.com/nanoWidget/e830f60f554_2025-12-11/module/reel.js?e=1 - cached hit (1ms)
[check] http://www.ice.co.il - cached hit (0ms)
[check] https://widgets.outbrain.com/outbrain.js - cached hit (1ms)
[check] http://www.ice.co.il - cached hit (1ms)
[check] https://b4af1ca8f2fd4c9897e5b6ea9db411b3.safeframe.googlesyndication.com/safeframe/1-0-45/html/container.html - cache miss (42ms)
[check] https://s.amazon-adsystem.com/iu3?cm3ppd=1&d=dtb-pub&csif=t&dl=rx_n-blis - cache miss (6ms)
[check] https://eus.rubiconproject.com/usync.html?p=20986&endpoint=us-east - cache miss (4ms)
[check] https://ads.pubmatic.com/AdServer/js/user_sync.html?p=156512 - cache miss (17ms)
[check] https://cm.g.doubleclick.net/pixel?google_nid=gumgum_dbm&google_hm=YV8yMGNiNmE2MS03MmE3LTRiNGUtODIwYy04NTk3MWZiYTBmOTk=&gdpr=0&gdpr_consent=&google_redir=https%3A%2F%2Fusersync.gumgum.com%2Fusersync%3Fb%3Dgdv - cache miss (4ms)
[check] https://eus.rubiconproject.com/usync.html - cached hit (2ms)
[check] https://gum.criteo.com/syncframe?origin=criteoPrebidAdapter&topUrl=www.dailymail.co.uk&gpp=#{%22cw%22:true,%22lsw%22:true,%22origin%22:%22criteoPrebidAdapter%22,%22requestId%22:%220.8545788926762649%22,%22tld%22:%22www.dailymail.co.uk%22,%22topUrl%22:%22www.dailymail.co.uk%22,%22version%22:%229_32_0%22} - cache miss (5ms)
[check] https://www.googletagmanager.com/gtag/js?id=AW-670087309&l=molFeDataLayer&cx=c&gtm=4e5ca1 - cached hit (4ms)
[check] https://www.googletagmanager.com/gtag/js?id=G-C9F47K6NW6&l=molFeDataLayer - cached hit (1ms)
[check] https://securepubads.g.doubleclick.net/tag/js/gpt.js - cached hit (11ms)
[check] https://client.aps.amazon-adsystem.com/publisher.js - cache miss (6ms)
[check] https://config.aps.amazon-adsystem.com/configs/3065 - cache miss (5ms)
[check] https://securepubads.g.doubleclick.net/pagead/managed/js/gpt/m202512040101/pubads_impl.js - cached hit (3ms)
[check] https://www.dailymail.co.uk/home/index.html - cache miss (7ms)
[check] https://www.dailymail.co.uk/home/latest/index.html - cached hit (1ms)
[check] https://www.dailymail.co.uk/news/article-15381525/Starmer-Andy-Burnham-coup-plot-arch-rival-Commons-seat-challenge.html - cached hit (3ms)
[check] https://www.dailymail.co.uk/home/index.html - cached hit (4ms)
[check] https://www.dailymail.co.uk/tvshowbiz/article-15381713/Paddy-McGuinness-ex-wife-Christine-McGuinness-spend-Christmas-sake-three-children.html - cached hit (0ms)
[check] https://www.dailymail.co.uk/lifestyle/article-15381247/Why-Christmas-markets-hellscape-Overcrowded-overpriced-revolting-food-tat-sour-stallholders-JANE-FRYER-mad-visit-one.html - cached hit (1ms)
[check] https://www.dailymail.co.uk/news/royals/article-15381875/Thats-no-royal-carriage-Lady-Louise-Windsor-sits-packed-train-floor-two-hours-journey-London-Bristol.html - cached hit (1ms)
[check] https://www.dailymail.co.uk/news/article-15381415/My-tears-Meghans-dad-told-choose-friendship-Sussexes-accused-CAROLINE-GRAHAM-crossing-ethical-lines-hospital-bedside-tells-story.html - cached hit (3ms)
[check] https://www.dailymail.co.uk/health/article-15380827/The-5p-pill-end-agony-dizzy-spells-Experts-say-help-thousands-GPs-never-heard-one-cured-patient-says-widely-available.html - cached hit (1ms)
[check] https://www.dailymail.co.uk/news/article-15381887/Children-targeted-urgent-NHS-vaccine-drive-curb-super-flu-epidemic-Christmas.html - cached hit (0ms)
[check] https://www.dailymail.co.uk/news/article-15381279/Tony-Blackburn-worst-lover-Ex-neighbour-hits-DJs-boasts-four-way-affair-claimed-bedded-500-women.html - cached hit (1ms)
[check] https://www.dailymail.co.uk/debate/article-15381403/Nuclear-proliferation-terrifying-prospect-way-warmonger-Putin-bay-writes-ROSS-CLARK.html - cached hit (1ms)
[check] https://www.dailymail.co.uk/tvshowbiz/article-15381881/Amber-Davies-Charleston-offers-ammunition-Strictly-fans-think-shes-good-dancer-actress-copies-routine-performed-West-End-stage-KATIE-HIND.html - cached hit (1ms)
[check] https://www.dailymail.co.uk/buyline/beauty/article-15348929/Im-beauty-writer-affordable-mens-fragrance-turns-heads-smells-like-high-end-designer-scent.html?ico=mail_best_commerce_xp_desktop_185 - cached hit (5ms)
[check] https://www.dailymail.co.uk/health/article-15380657/fix-painful-unsightly-ingrown-toenails-home-say-experts-NHS-busy-help.html - cached hit (1ms)
[check] https://www.dailymail.co.uk/news/article-15381619/Furious-letter-hits-Pep-Guardiola-Man-City-coachs-shameful-remarks-Gaza-conflict-synagogue-attack-simply-doesnt-care-British-Jews-murdered-miles-Etihad.html - cached hit (2ms)
[check] https://www.dailymail.co.uk/tvshowbiz/article-15381425/Brooklyns-nans-devastated-just-wish-hed-come-arms-KATIE-HIND-Beckhams-Christmas-without-estranged-son.html - cached hit (1ms)
[check] https://www.dailymail.co.uk/news/article-15381459/Parents-fury-booking-trips-Santas-home-Lapland-travel-giant-TUI-theyre-Finnish-town-300-miles-away-famed-tar-industry.html - cached hit (2ms)
[check] https://www.dailymail.co.uk/health/article-15380875/How-beat-heartburn-good-leading-doctors-cheap-natural-remedy-medicines-DONT-work-plus-foods-you-avoid-revealed.html - cached hit (1ms)
[check] https://www.dailymail.co.uk/news/article-15381379/Shackled-beaten-UK-teen-abducted-Somalia-mother-Westernised.html - cached hit (3ms)
[check] https://www.dailymail.co.uk/news/article-15381811/More-900-suspected-extremists-feared-plotting-school-massacres-mass-casualty-attacks-referred-Prevent-deradicalisation-scheme-past-four-years.html - cached hit (0ms)
[check] https://www.dailymail.co.uk/health/article-15374539/Could-nose-swab-pick-signs-dementia-decades-symptoms-begin.html - cached hit (1ms)
[check] https://www.dailymail.co.uk/health/article-15381783/Boozeflash-Lining-stomach-avoid-hangover-doesnt-work.html - cached hit (1ms)
[check] https://www.dailymail.co.uk/news/article-15381673/Robin-Ince-quits-BBC-Radio-4-Trump-trans.html - cached hit (1ms)
[check] https://www.dailymail.co.uk/debate/article-15381413/MAIL-SUNDAY-COMMENT-Labours-small-boats-boast-risible-takes-voters-fools.html - cached hit (0ms)
[check] https://www.dailymail.co.uk/news/article-15381517/Labour-deputy-leader-calls-party-cut-noise-unite-Sir-Keir-Starmer-amid-growing-Reform-threat.html - cached hit (1ms)
[check] https://www.dailymail.co.uk/lifestyle/food-drink/article-15380973/Our-best-Christmas-recipes-Britains-chefs-Heston-Blumenthal-Nick-Nairn-share-favourite-dishes-kitchen-gadgets-make-great-gifts-live-without.html - cached hit (1ms)
[check] https://www.dailymail.co.uk/news/article-15381949/Kemi-Badenoch-Tories-scrap-ban-sale-petrol-diesel-car-Labour.html - cached hit (3ms)
[check] https://www.dailymail.co.uk/news/article-15381355/dad-walked-Im-Celebrity-winner-Angry-Ginge.html - cached hit (1ms)
[check] https://www.dailymail.co.uk/health/article-15381939/Gout-cases-rise-social-media-gives-sufferers-poor-advice-blaming-bad-diet.html - cached hit (1ms)
[check] https://www.dailymail.co.uk/news/article-15381235/Pregnant-drugs-mule-Bella-Culley-gives-birth-baby-son-shares-videos-cradling-newborn-just-weeks-freed-Georgian-prison.html - cached hit (1ms)
[check] https://www.dailymail.co.uk/tvshowbiz/article-15380907/Adam-Peatys-parents-dont-want-chefs-family-cashing-misery-demand-Netflix-remove-Gordon-Ramsays-new-series.html - cached hit (1ms)
[check] https://www.dailymail.co.uk/news/article-15380369/Hollywood-star-72-dumped-Earl-Droghedas-39-year-old-son-US-heiress-25-says-new-engagement-arrangement-designed-parents.html - cached hit (1ms)
[check] https://www.dailymail.co.uk/news/article-15380601/Men-correct-women-disagreement-face-disciplinary-action-new-Green-party-rules.html - cached hit (2ms)
[check] https://www.dailymail.co.uk/health/article-15381941/Smartphone-apps-offered-NHS-help-patients-recovering-heart-problems.html - cached hit (4ms)
[check] https://www.dailymail.co.uk/tvshowbiz/article-15380585/Peter-Greene-harrowing-early-years-running-away-living-streets-drug-abuse.html - cached hit (1ms)
[check] https://www.dailymail.co.uk/news/article-15381779/Sports-presenter-Laura-Woods-reveals-years-torment-hands-obsessed-stalker-trans-zealots.html - cached hit (1ms)
[check] https://www.dailymail.co.uk/health/article-15336163/probiotics-gut-microbiome-supplements-overhyped.html - cached hit (1ms)
[check] https://www.dailymail.co.uk/news/article-15381311/Shocking-moment-killer-paedophile-shot-dead-street-freed.html - cached hit (23ms)
[check] https://www.dailymail.co.uk/lifestyle/article-15367047/I-struggled-small-right-hand-movements-turned-brain-tumour-size-golf-ball-awake-surgery-remove-it.html - cached hit (3ms)
[check] https://www.dailymail.co.uk/news/article-15381001/Protesters-demonstate-Girl-Guides-headquarters-against-groups-new-ban-transgender-girls.html - cached hit (2ms)
[check] https://www.dailymail.co.uk/news/article-15380353/NHS-flu-jabs-late-pharmacies-superflu-crisis.html - cached hit (0ms)
[check] https://www.dailymail.co.uk/news/article-15381745/Moment-fire-crew-rescue-woman-stuck-shallow-water.html - cached hit (1ms)
[check] https://www.dailymail.co.uk/lifestyle/fashion/article-15378069/Per-Una-cool-M-S-You-magazine-editors-brand-designer-inspired.html - cached hit (0ms)
[check] https://www.dailymail.co.uk/news/article-15380663/Zara-Tindall-stylish-races-Cheltenham.html - cached hit (1ms)
[check] https://www.dailymail.co.uk/lifestyle/article-15260881/The-child-engineering-genius-grew-cleaned-Meet-brilliant-British-inventor-Gtech.html - cached hit (0ms)
[check] https://www.dailymail.co.uk/lifestyle/article-15224073/Its-small-things-remember-stirring-cake-mix-leaving-carrots-Rudolph-little-traditions-make-Christmas-magical.html - cached hit (1ms)
[check] https://www.googletagmanager.com/gtag/js?id=G-PRRJGSG9MK&ext=.js - cached hit (26ms)
[check] https://rumble.com/battle-leaderboard - cache miss (60ms)
[check] https://rumble.com/c/BadlandsMedia - cached hit (12ms)
[check] https://rumble.com/v72xtsu-freedom-arcade-the-rebel-alliance-christmas-party-star-wars-trivia-and-game.html?e9s=src_v1_pvr - cached hit (9ms)
[check] https://rumble.com/v72z9us-1-warzone-victory-leaderboard-203-ws-.html?e9s=src_v1_gaming - cached hit (0ms)
[check] https://rumble.com/v72zpze-my-trading-game-plan-december-15-2025.html?e9s=src_v1_finance - cached hit (1ms)
[check] https://rumble.com/c/BadlandsMedia?e9s=src_v1_cmd - cached hit (0ms)
[check] https://rumble.com/c/c-7165295?e9s=src_v1_cmd - cached hit (4ms)
[check] https://rumble.com/playlists/O4Znld9vTdE - cached hit (3ms)
[check] https://rumble.com/v72zoyo-aasc-24-shedeur-sanders-is-the-next-tom-brady-stephen-a.-and-skip-bayless.html?e9s=src_v1_sports - cached hit (1ms)
[check] https://rumble.com/user/Mexicada?e9s=src_v1_cmd - cached hit (0ms)
[check] https://rumble.com/v72zs58-lego-city-advent-calendar-day-13.html?e9s=src_v1_viral - cached hit (2ms)
[check] https://rumble.com/v72zgp2-saturday-night-reloading-chat-5.html?e9s=src_v1_podcasts - cached hit (2ms)
[check] https://rumble.com/v72zsd2--holler-radio-christmas-irl-life-on-the-farm-music-appalachia.html?e9s=src_v1_vlogs - cached hit (2ms)
[check] https://rumble.com/v72zp7q-christmas-market-in-ottawa-canada.html?e9s=src_v1_vlogs - cached hit (1ms)
[check] https://rumble.com/c/c-4861600?e9s=src_v1_cmd - cached hit (0ms)
[check] https://rumble.com/v72z1lu-saturday-emergency-broadcast.html?e9s=src_v1_news - cached hit (2ms)
[check] https://rumble.com/c/ADAPT2030?e9s=src_v1_cmd - cached hit (10ms)
[check] https://rumble.com/v1heynx-lofi-hip-hop-radio-beats-to-relaxstudy-to.html?e9s=src_v1_music - cached hit (1ms)
[check] https://rumble.com/v72zlv6-moist-baked-ham-made-with-crushed-pineapple-and-brown-sugar-online-auction-.html?e9s=src_v1_cooking - cached hit (4ms)
[check] https://rumble.com/user/hershbergersmiraclehomestead?e9s=src_v1_cmd - cached hit (12ms)
[check] https://rumble.com/v72tylu-cinnamon-star-bread-recipe-stunning-pull-apart-holiday-treat.html?e9s=src_v1_cooking - cached hit (3ms)
[check] https://rumble.com/c/c-7765026?e9s=src_v1_cmd - cached hit (2ms)
[check] https://rumble.com/v72yqxe-devolution-power-hour-ep.-415.html?e9s=src_v1_cllr - cached hit (1ms)
[check] https://rumble.com/v72smmo-lo-fi-hip-hop-radio-.html?e9s=src_v1_music - cached hit (2ms)
[check] https://rumble.com/c/Akademiks?e9s=src_v1_clr - cached hit (3ms)
[check] https://rumble.com/c/TheAdamCarollaShow?e9s=src_v1_clr - cached hit (3ms)
[check] https://ads.rumble.com/ - cache miss (3ms)
[check] https://gum.criteo.com/syncframe?topUrl=www.atrade.co.il&origin=onetag#{%22bundle%22:{%22identifierExtractor%22:{%22origin%22:0},%22value%22:null},%22cw%22:true,%22optout%22:{%22identifierExtractor%22:{%22origin%22:0},%22value%22:null},%22origin%22:%22onetag%22,%22tld%22:%22atrade.co.il%22,%22topUrl%22:%22www.atrade.co.il%22,%22version%22:%225_42_0%22,%22ifa%22:{%22identifierExtractor%22:{%22origin%22:0},%22value%22:null},%22lsw%22:true,%22pm%22:0,%22requestId%22:%227321066f-6210-41d7-8126-d6a1653ec347%22} - cached hit (14ms)
[check] https://12733768.fls.doubleclick.net/activityi;src=12733768;type=invmedia;cat=avatr0;ord=5049797038905;npa=0;auiddc=2119269251.1765687235;gclgs=1;gclst=11004;gcllp=52026105;gclaw=EAIaIQobChMI0Nr6u6G8kQMVKJlQBh2awwXIEAAYAiAAEgLt5PD_BwE;uaa=x86;uab=64;uafvl=Google%2520Chrome%3B143.0.7499.109%7CChromium%3B143.0.7499.109%7CNot%2520A(Brand%3B24.0.0.0;uamb=0;uam=;uap=Linux;uapv=6.14.0;uaw=0;pscdl=noapi;frm=0;_tu=KFI;gtm=45fe5ca1v9190176991z86833287za20gzb6833287zd6833287xea;gcs=G111;gcd=13t3t3t3t5l1;dma=0;dc_fmt=2;tag_exp=103116026~103200004~104527906~104528501~104684208~104684211~105391253~115583767~115616985~115938465~115938468~116184927~116184929~116217636~116217638~116251938~116251940;epver=2;dc_random=1765687236_IRzwyZvqTC90iBMfRD7txP6YAVnfWDb05Q;_dc_test=1;~oref=https%3A%2F%2Fwww.atrade.co.il%2Ftrading-platforms%2Fmetatrader-4%3Fg_camp%3D11604716331%26g_adg%3D121016189687%26g_kw%3D%25D7%259E%25D7%2598%25D7%2594%2520%25D7%2598%25D7%25A8%25D7%2599%25D7%2599%25D7%2593%25D7%25A8%26g_pla%3D%26g_pos%3D%26g_net%3Dsearch%26g_devi%3Dc%26g_devim%3D%26g_match%3Db%26g_ext%3D%26g_loc%3D1007991%26g_loc_int%3D%26g_ad%3D607597806872%26g_plc%3D%26tag%3Dfusionpartners_google_il_search_nonbrand_1%26tag2%3DGSN_Trading%4011604716331%40121016189687%40607597806872%40%25D7%259E%25D7%2598%25D7%2594%2520%25D7%2598%25D7%25A8%25D7%2599%25D7%2599%25D7%2593%25D7%25A8%40kwd-327479377193%40b%40%40c%40clickID%3DEAIaIQobChMI0Nr6u6G8kQMVKJlQBh2awwXIEAAYAiAAEgLt5PD_BwE%40https%3A%2F%2Fwww.atrade.co.il%2Ftrading-platforms%2Fmetatrader-4%253Fg_camp%253D11604716331%2526g_adg%253D121016189687%2526g_kw%253D%2525D7%25259E%2525D7%252598%2525D7%252594%252520%2525D7%252598%2525D7%2525A8%2525D7%252599%2525D7%252599%2525D7%252593%2525D7%2525A8%2526g_pla%253D%2526g_pos%253D%2526g_net%253Dsearch%2526g_devi%253Dc%2526g_devim%253D%2526g_match%253Db%2526g_ext%253D%2526g_loc%253D1007991%2526g_loc_int%253D%2526g_ad%253D607597806872%2526g_plc%253D%26gad_source%3D1%26gad_campaignid%3D11604716331%26gbraid%3D0AAAAADiXJthKxPoM3tccakb0eHU93Mxdy%26gclid%3DEAIaIQobChMI0Nr6u6G8kQMVKJlQBh2awwXIEAAYAiAAEgLt5PD_BwE? - cache miss (12ms)
[check] https://cdn.taboola.com/libtrc/unip/1855589/tfa.js - cache miss (12ms)
[check] https://wave.outbrain.com/mtWavesBundler/handler/00db0341f837f49f6eed80fa75d9e9b938 - cache miss (27ms)
[check] https://wave.outbrain.com/mtWavesBundler/handler/009356e9d8ffa8ed1792fe8af03d99e097 - cached hit (7ms)
[check] https://wave.outbrain.com/mtWavesBundler/handler/00142973933a9ccb665e1828d55d315661 - cached hit (2ms)
[check] https://wave.outbrain.com/mtWavesBundler/handler/002ab3e6ddb3817e1fa84118a5c56256f1 - cached hit (2ms)
[check] https://www.googletagmanager.com/gtag/destination?id=AW-617243844&cx=c&gtm=4e5ca1 - cached hit (1ms)
[check] https://www.googletagmanager.com/gtag/destination?id=DC-12733768&cx=c&gtm=4e5ca1 - cached hit (0ms)
[check] https://dynamic.criteo.com/js/ld/ld.js?a=124390&fpid=anonymous - cache miss (21ms)
[check] https://amplify.outbrain.com/cp/obtp.js - cache miss (40ms)
[check] https://cdn.taboola.com/libtrc/unip/1416992/tfa.js - cached hit (1ms)
[check] https://s.adroll.com/j/roundtrip.js - cache miss (18ms)
[check] https://www.googletagmanager.com/gtag/js?id=AW-949429976&cx=c&gtm=4e5ca1 - cached hit (13ms)
[check] https://www.googletagmanager.com/gtag/js?id=G-46JKD1FSG0&cx=c&gtm=4e5ca1 - cached hit (3ms)
[check] https://www.googletagmanager.com/gtag/js?id=G-TCGRZY54HT&cx=c&gtm=4e5ca1 - cached hit (5ms)
[check] https://www.googletagmanager.com/gtm.js?id=GTM-KLRBJ5 - cached hit (0ms)
[check] https://s.adroll.com/j/pre/B754X42YLNHSBF3O2OV55C/7OULTH3O6VBJ7K3FHP3OXU/fpconsent.js - cached hit (3ms)
[check] https://s.adroll.com/j/pre/B754X42YLNHSBF3O2OV55C/7OULTH3O6VBJ7K3FHP3OXU/index.js - cached hit (0ms)
[check] https://d.adroll.com/consent/check/B754X42YLNHSBF3O2OV55C?pv=11838171968.212088&arrfrr=https%3A%2F%2Fwww.atrade.co.il%2Ftrading-platforms%2Fmetatrader-4%3Fg_camp%3D11604716331%26g_adg%3D121016189687%26g_kw%3D%25D7%259E%25D7%2598%25D7%2594%2520%25D7%2598%25D7%25A8%25D7%2599%25D7%2599%25D7%2593%25D7%25A8%26g_pla%3D%26g_pos%3D%26g_net%3Dsearch%26g_devi%3Dc%26g_devim%3D%26g_match%3Db%26g_ext%3D%26g_loc%3D1007991%26g_loc_int%3D%26g_ad%3D607597806872%26g_plc%3D%26tag%3Dfusionpartners_google_il_search_nonbrand_1%26tag2%3DGSN_Trading%4011604716331%40121016189687%40607597806872%40%25D7%259E%25D7%2598%25D7%2594%2520%25D7%2598%25D7%25A8%25D7%2599%25D7%2599%25D7%2593%25D7%25A8%40kwd-327479377193%40b%40%40c%40clickID%3DEAIaIQobChMI0Nr6u6G8kQMVKJlQBh2awwXIEAAYAiAAEgLt5PD_BwE%40https%3A%2F%2Fwww.atrade.co.il%2Ftrading-platforms%2Fmetatrader-4%253Fg_camp%253D11604716331%2526g_adg%253D121016189687%2526g_kw%253D%2525D7%25259E%2525D7%252598%2525D7%252594%252520%2525D7%252598%2525D7%2525A8%2525D7%252599%2525D7%252599%2525D7%252593%2525D7%2525A8%2526g_pla%253D%2526g_pos%253D%2526g_net%253Dsearch%2526g_devi%253Dc%2526g_devim%253D%2526g_match%253Db%2526g_ext%253D%2526g_loc%253D1007991%2526g_loc_int%253D%2526g_ad%253D607597806872%2526g_plc%253D%26gad_source%3D1%26gad_campaignid%3D11604716331%26gbraid%3D0AAAAADiXJthKxPoM3tccakb0eHU93Mxdy%26gclid%3DEAIaIQobChMI0Nr6u6G8kQMVKJlQBh2awwXIEAAYAiAAEgLt5PD_BwE&_s=9b9d44e28023fb8a87317db799b7c33f&_b=2 - cache miss (15ms)
[check] https://d.adroll.com/pixel/B754X42YLNHSBF3O2OV55C/7OULTH3O6VBJ7K3FHP3OXU?pv=11838171968.212088&arrfrr=https%3A%2F%2Fwww.atrade.co.il%2Ftrading-platforms%2Fmetatrader-4%3Fg_camp%3D11604716331%26g_adg%3D121016189687%26g_kw%3D%25D7%259E%25D7%2598%25D7%2594%2520%25D7%2598%25D7%25A8%25D7%2599%25D7%2599%25D7%2593%25D7%25A8%26g_pla%3D%26g_pos%3D%26g_net%3Dsearch%26g_devi%3Dc%26g_devim%3D%26g_match%3Db%26g_ext%3D%26g_loc%3D1007991%26g_loc_int%3D%26g_ad%3D607597806872%26g_plc%3D%26tag%3Dfusionpartners_google_il_search_nonbrand_1%26tag2%3DGSN_Trading%4011604716331%40121016189687%40607597806872%40%25D7%259E%25D7%2598%25D7%2594%2520%25D7%2598%25D7%25A8%25D7%2599%25D7%2599%25D7%2593%25D7%25A8%40kwd-327479377193%40b%40%40c%40clickID%3DEAIaIQobChMI0Nr6u6G8kQMVKJlQBh2awwXIEAAYAiAAEgLt5PD_BwE%40https%3A%2F%2Fwww.atrade.co.il%2Ftrading-platforms%2Fmetatrader-4%253Fg_camp%253D11604716331%2526g_adg%253D121016189687%2526g_kw%253D%2525D7%25259E%2525D7%252598%2525D7%252594%252520%2525D7%252598%2525D7%2525A8%2525D7%252599%2525D7%252599%2525D7%252593%2525D7%2525A8%2526g_pla%253D%2526g_pos%253D%2526g_net%253Dsearch%2526g_devi%253Dc%2526g_devim%253D%2526g_match%253Db%2526g_ext%253D%2526g_loc%253D1007991%2526g_loc_int%253D%2526g_ad%253D607597806872%2526g_plc%253D%26gad_source%3D1%26gad_campaignid%3D11604716331%26gbraid%3D0AAAAADiXJthKxPoM3tccakb0eHU93Mxdy%26gclid%3DEAIaIQobChMI0Nr6u6G8kQMVKJlQBh2awwXIEAAYAiAAEgLt5PD_BwE&cookie=&adroll_s_ref=https%3A//www.google.com/&keyw=&adroll_external_data=&p0=4447 - cached hit (11ms)
[check] https://www.atrade.co.il/trading-platforms/metatrader-4?g_camp=11604716331&g_adg=121016189687&g_kw=מטה טריידר&g_pla=&g_pos=&g_net=search&g_devi=c&g_devim=&g_match=b&g_ext=&g_loc=1007991&g_loc_int=&g_ad=607597806872&g_plc=&tag=fusionpartners_google_il_search_nonbrand_1&tag2=GSN_Trading@11604716331@121016189687@607597806872@מטה טריידר@kwd-327479377193@b@@c@clickID=EAIaIQobChMI0Nr6u6G8kQMVKJlQBh2awwXIEAAYAiAAEgLt5PD_B - cache miss (7ms)
[check] https://www.atrade.co.il/trading-platforms/metatrader-4?g_camp=11604716331&g_adg=121016189687&g_kw=מטה טריידר&g_pla=&g_pos=&g_net=search&g_devi=c&g_devim=&g_match=b&g_ext=&g_loc=1007991&g_loc_int=&g_ad=607597806872&g_plc=&tag=fusionpartners_google_il_search_nonbrand_1&tag2=GSN_Trading@11604716331@121016189687@607597806872@מטה טריידר@kwd-327479377193@b@@c@clickID=EAIaIQobChMI0Nr6u6G8kQMVKJlQBh2awwXIEAAYAiAAEgLt5PD_B - cached hit (3ms)
[check] https://www.atrade.co.il/trading-platforms/metatrader-4?g_camp=11604716331&g_adg=121016189687&g_kw=מטה טריידר&g_pla=&g_pos=&g_net=search&g_devi=c&g_devim=&g_match=b&g_ext=&g_loc=1007991&g_loc_int=&g_ad=607597806872&g_plc=&tag=fusionpartners_google_il_search_nonbrand_1&tag2=GSN_Trading@11604716331@121016189687@607597806872@מטה טריידר@kwd-327479377193@b@@c@clickID=EAIaIQobChMI0Nr6u6G8kQMVKJlQBh2awwXIEAAYAiAAEgLt5PD_B - cached hit (1ms)
[check] https://www.atrade.co.il/trading-platforms/metatrader-4?g_camp=11604716331&g_adg=121016189687&g_kw=מטה טריידר&g_pla=&g_pos=&g_net=search&g_devi=c&g_devim=&g_match=b&g_ext=&g_loc=1007991&g_loc_int=&g_ad=607597806872&g_plc=&tag=fusionpartners_google_il_search_nonbrand_1&tag2=GSN_Trading@11604716331@121016189687@607597806872@מטה טריידר@kwd-327479377193@b@@c@clickID=EAIaIQobChMI0Nr6u6G8kQMVKJlQBh2awwXIEAAYAiAAEgLt5PD_B - cached hit (1ms)
[check] https://tr.outbrain.com/cachedClickId?marketerId=002ab3e6ddb3817e1fa84118a5c56256f1,00142973933a9ccb665e1828d55d315661,009356e9d8ffa8ed1792fe8af03d99e097,00db0341f837f49f6eed80fa75d9e9b938 - cache miss (6ms)
[check] https://sslwidget.criteo.com/event?a=%5B124390%5D&v=5.42.0&p0=e%3Dvpg&p1=e%3Dexd%26ref%3Dhttps%253A%252F%252Fwww.google.com&fpid=anonymous&bundle=JP38al96ejU5Z0huY0tvNnJtOTQxN0wxSWJobTJHczBYcTlYUCUyQlYlMkZwRUVkSkI4WWltTE9ERFVjWjFmJTJCeFFWbVBkNlZ6V3p2cUthejJCcTlPSTRKSE9sSyUyQk5zVmF4Ynk1dVJkRnBGaHlodWRDUnhlVnhVdUZOOHM5bWY3WjgzajVZNk5jNFQ4SWoxMm9EU0VwMmJZY2s0M1M2USUzRCUzRA&sc=%7B%22fbp%22%3A%22fb.2.1765687232748.201078516773137922%22%2C%22ttp%22%3A%2201KCDJJ1T9BGV7TJ8X4YP7YRVK_.tt.2%22%7D&tld=atrade.co.il&dy=1&fu=https%253A%252F%252Fwww.atrade.co.il%252Ftrading-platforms%252Fmetatrader-4%253Fg_camp%253D11604716331%2526g_adg%253D121016189687%2526g_kw%253D%2525D7%25259E%2525D7%252598%2525D7%252594%252520%2525D7%252598%2525D7%2525A8%2525D7%252599%2525D7%252599%2525D7%252593%2525D7%2525A8%2526g_pla%253D%2526g_pos%253D%2526g_net%253Dsearch%2526g_devi%253Dc%2526g_devim%253D%2526g_match%253Db%2526g_ext%253D%2526g_loc%253D1007991%2526g_loc_int%253D%2526g_ad%253D607597806872%2526g_plc%253D%2526tag%253Dfusionpartners_google_il_search_nonbrand_1%2526tag2%253DGSN_Trading%254011604716331%2540121016189687%2540607597806872%2540%2525D7%25259E%2525D7%252598%2525D7%252594%252520%2525D7%252598%2525D7%2525A8%2525D7%252599%2525D7%252599%2525D7%252593%2525D7%2525A8%2540kwd-327479377193%2540b%2540%2540c%2540clickID%253DEAIaIQobChMI0Nr6u6G8kQMVKJlQBh2awwXIEAAYAiAAEgLt5PD_BwE%2540https%253A%252F%252Fwww.atrade.co.il%252Ftrading-platforms%252Fmetatrader-4%25253Fg_camp%25253D11604716331%252526g_adg%25253D121016189687%252526g_kw%25253D%252525D7%2525259E%252525D7%25252598%252525D7%25252594%25252520%252525D7%25252598%252525D7%252525A8%252525D7%25252599%252525D7%25252599%252525D7%25252593%252525D7%252525A8%252526g_pla%25253D%252526g_pos%25253D%252526g_net%25253Dsearch%252526g_devi%25253Dc%252526g_devim%25253D%252526g_match%25253Db%252526g_ext%25253D%252526g_loc%25253D1007991%252526g_loc_int%25253D%252526g_ad%25253D607597806872%252526g_plc%25253D%2526gad_source%253D1%2526gad_campaignid%253D11604716331%2526gbraid%253D0AAAAADiXJthKxPoM3tccakb0eHU93Mxdy%2526gclid%253DEAIaIQobChMI0Nr6u6G8kQMVKJlQBh2awwXIEAAYAiAAEgLt5PD_BwE&pu=https%253A%252F%252Fwww.google.com%252F&ceid=35ea49c0-7462-49f7-99c6-ff6831186309 - cache miss (44ms)
[check] https://www.atrade.co.il/trading-platforms/metatrader-4 - cached hit (1ms)
[check] https://www.atrade.co.il/trading-platforms/webtrader - cached hit (2ms)
[check] https://www.atrade.co.il/trading-platforms/atrade-app - cached hit (1ms)
[check] https://play.google.com/store/apps/details?id=net.metaquotes.metatrader4 - cache miss (11ms)
[check] https://origin.avatrades.net/download/platforms/mq/ava4setup.exe - cache miss (17ms)
[check] https://tpc.googlesyndication.com/pimgad/9450690109161060829?data=%7B%22e%22%3A%22pageview%22%2C%22d%22%3A%7B%22loadTime%22%3A30116%2C%22docReadyState%22%3A%22complete%22%2C%22connectionType%22%3A%224g%22%2C%22connectionDownlink%22%3A10%2C%22connectionRTT%22%3A50%2C%22viewportWidth%22%3A1481%2C%22viewportHeight%22%3A715%2C%22scriptCount%22%3A48%2C%22id%22%3A999999%2C%22code%22%3A%22coingecko%22%2C%22site%22%3A%22https%3A%2F%2Fcoingecko.com%22%2C%22env%22%3A%22csp%22%2C%22gv%22%3A%22asc%22%2C%22url%22%3A%22https%3A%2F%2Fwww.coingecko.com%2F%22%2C%22ssrc%22%3A%22https%3A%2F%2Fadtech.coingecko.com%2Fascendeum%2Fpub%2Fasc.coingecko.js%22%2C%22sv%22%3A%226.69.0%22%7D%7D&endpoint=https://asc-a.hbwrapper.com/ - cache miss (48ms)
[check] https://06c6d20a0628caf9956d9c6d6aff40fd.safeframe.googlesyndication.com/safeframe/1-0-45/html/container.html - cache miss (14ms)
[check] https://c.amazon-adsystem.com/aax2/apstag.js - cache miss (39ms)
[check] https://securepubads.g.doubleclick.net/tag/js/gpt.js - cached hit (18ms)
[check] https://www.googletagmanager.com/gtm.js?id=GTM-NP34MX7 - cached hit (1ms)
[check] https://www.coingecko.com/ - cache miss (16ms)
[check] https://securepubads.g.doubleclick.net/pagead/managed/js/gpt/m202512040101/pubads_impl.js - cached hit (6ms)
[check] https://config.aps.amazon-adsystem.com/configs/8a94db63-9a31-4fa1-a155-4843713e91f8 - cached hit (1ms)
[check] https://www.coingecko.com/en/premium/pricing - cached hit (3ms)
[check] https://ads.coingecko.com/?utm_source=coingecko&utm_medium=website&utm_campaign=cg-navbar - cache miss (24ms)
[check] https://www.coingecko.com/ - cached hit (1ms)
[check] https://www.coingecko.com/en/categories/trading-card-rwa-platform - cached hit (6ms)
[check] https://www.coingecko.com/en/coins/cardano - cached hit (4ms)
[check] https://www.coingecko.com/en/coins/polkadot - cached hit (1ms)
[check] https://www.coingecko.com/en/coins/bitcoin/cad - cached hit (2ms)
[check] https://www.coingecko.com/en/categories/dot-ecosystem - cached hit (1ms)
[check] https://lookonchain.com/feeds/40363 - cache miss (5ms)
[check] https://gcko.io/coingeckoads - cache miss (2ms)
[check] https://www.coingecko.com/en/ad-policy - cached hit (1ms)
[check] https://coingecko.app.link/Nhgleb44aVb - cache miss (10ms)
[check] https://ww1.yesmovies.ag/genre/action-adventure.html - cache miss (23ms)
[check] https://ww1.yesmovies.ag/genre/adventure.html - cached hit (2ms)
[check] https://ww1.yesmovies.ag/country/canada.html - cached hit (1ms)
[check] https://yesmovies.ag/genre/adventure.html - cache miss (3ms)
[check] https://535a913e8681a863e5e470442a4d16e4.safeframe.googlesyndication.com/safeframe/1-0-45/html/container.html - cache miss (25ms)
[check] https://gum.criteo.com/syncframe?origin=publishertagids&topUrl=www.ynet.co.il&gdpr=0&gdpr_consent=&gpp=&gpp_sid=-1#{%22bundle%22:{%22origin%22:0},%22optout%22:{%22value%22:false,%22origin%22:0},%22tld%22:%22ynet.co.il%22,%22topUrl%22:%22www.ynet.co.il%22,%22version%22:163,%22origin%22:%22publishertagids%22,%22requestId%22:%220.6021776352247531%22} - cached hit (1ms)
[check] https://trc.taboola.com/1079718/trc/3/json?tim=1765687423691&data=%7B%22id%22%3A254%2C%22ii%22%3A%22%2Fhome%2F0%2C7340%2Cl-8%2C00.html%22%2C%22it%22%3A%22video%22%2C%22sd%22%3Anull%2C%22ui%22%3Anull%2C%22vi%22%3A1765687414474%2C%22cv%22%3A%2220251208-17-RELEASE%22%2C%22uiv%22%3A%22default%22%2C%22u%22%3A%22https%3A%2F%2Fwww.ynet.co.il%2Fhome%2F0%2C7340%2CL-8%2C00.html%22%2C%22e%22%3A%22https%3A%2F%2Fwww.google.com%2F%22%2C%22cb%22%3A%22TFASC.trkCallback%22%2C%22qs%22%3A%22%22%2C%22r%22%3A%5B%7B%22li%22%3A%22rbox-tracking%22%2C%22s%22%3A0%2C%22uim%22%3A%22rbox-tracking%3Apub%3Dynet-sc%3Aabp%3D0%22%2C%22uip%22%3A%22rbox-tracking%22%2C%22orig_uip%22%3A%22rbox-tracking%22%7D%5D%2C%22mpvd%22%3A%7B%22en%22%3A%22page_view%22%2C%22tim%22%3A1765687423686%2C%22ref%22%3A%22https%3A%2F%2Fwww.google.com%2F%22%2C%22item-url%22%3A%22https%3A%2F%2Fwww.ynet.co.il%2Fhome%2F0%2C7340%2CL-8%2C00.html%22%2C%22tos%22%3A18%2C%22ssd%22%3A1%2C%22scd%22%3A0%2C%22ler%22%3A%22other%22%2C%22ccpaPs%22%3A%221---%22%2C%22it%22%3A%22JS_PIXEL%22%2C%22supv%22%3Atrue%7D%2C%22ccpa%22%3A%221---%22%2C%22pa%22%3A%7B%22su%22%3Atrue%7D%2C%22psb%22%3Atrue%7D&pubit=i - cache miss (3ms)
[check] https://nr-events.taboola.com/newsroom/1.0/ynet-ynet-/get-action?page.url=https%3A%2F%2Fwww.ynet.co.il%2Fhome%2F0%2C7340%2CL-8%2C00.html&view.id=845660064818605182&page.template=Homepage%20-%20Desktop&page.dashboard=Homepage%20-%20Desktop - cache miss (36ms)
[check] https://cdn.taboola.com/libtrc/unip/1744455/tfa.js - cached hit (5ms)
[check] https://cdn.taboola.com/libtrc/unip/1079718/tfa.js - cached hit (0ms)
[check] https://www.googletagmanager.com/gtag/js?id=G-B0H8ZSFBCE&cx=c&gtm=4e5ca1 - cached hit (1ms)
[check] https://www.googletagmanager.com/gtag/js?id=AW-16767550892&cx=c&gtm=4e5ca1 - cached hit (1ms)
[check] https://www.google-analytics.com/analytics.js - cached hit (1ms)
[check] https://www.googletagmanager.com/gtag/js?id=AW-977622980&cx=c&gtm=4e5ca1 - cached hit (2ms)
[check] https://gum.criteo.com/sync?c=72&r=2&j=TRC.getRTUS&us_privacy=1---&gdpr=0&gdpr_consent=&gdpr_pd= - cached hit (0ms)
[check] https://cdn.taboola.com/scripts/eid.es5.js - cached hit (1ms)
[check] https://cdn.taboola.com/scripts/fraud-detect.js - cached hit (1ms)
[check] https://cdn.taboola.com/scripts/liveramp-sync.es5.js - cached hit (1ms)
[check] https://cdn.taboola.com/scripts/cds-pips.js?dc=il&d=d - cached hit (1ms)
[check] https://cdn.taboola.com/scripts/cwc.es5.js - cached hit (1ms)
[check] https://pm-widget.taboola.com/ynet-ynet-/load.js - cache miss (6ms)
[check] https://www.googletagmanager.com/gtm.js?id=GTM-K69K2VK - cached hit (2ms)
[check] https://securepubads.g.doubleclick.net/tag/js/gpt.js - cached hit (1ms)
[check] https://securepubads.g.doubleclick.net/pagead/managed/js/gpt/m202512040101/pubads_impl.js - cached hit (1ms)
[check] https://cdn.taboola.com/libtrc/ynet-ynet-/loader.js - cached hit (0ms)
[check] https://cdn.taboola.com/webpush/publishers/1070106/taboola-push-sdk.js - cached hit (1ms)
[check] https://cdn.taboola.com/webpush/publishers/1797541/taboola-push-sdk.js - cached hit (1ms)
[check] https://pm-widget.taboola.com/ynet-ynet-/pmk-20220605.10.js - cached hit (1ms)
[check] https://www.ynet.co.il/home/0,7340,L-8,00.html - cache miss (8ms)
[check] https://www.ynet.co.il/home/0,7340,L-8,00.html - cached hit (2ms)
[check] https://www.ynet.co.il/home/0,7340,L-8,00.html - cached hit (1ms)
[check] https://www.ynet.co.il/home/0,7340,L-8,00.html - cached hit (2ms)
[check] https://www.ynet.co.il/home/0,7340,L-8,00.html - cached hit (1ms)
[check] https://c2.taboola.com/nr/ynet-ynet-/newsroom.js - cache miss (8ms)
[check] https://www.googletagmanager.com/gtag/js?id=AW-661509946 - cached hit (2ms)
[check] https://www.googletagmanager.com/gtag/js?id=AW-10876187810 - cached hit (0ms)
[check] https://www.ynet.co.il/entertainment/article/hj2uq9cf11g - cached hit (0ms)
[check] https://www.reddit.com/search/?q=bondi+and+shooting&source=trending&cId=f7568d56-b144-4357-b446-4dd5241d7e35&iId=7f923382-f158-4a32-b6f5-e372bbc0fab4 - cached hit (22ms)
[check] https://www.reddit.com/search/?q=Brown+AND+shooting&source=trending&cId=f7568d56-b144-4357-b446-4dd5241d7e35&iId=2ff71e59-461d-404c-b4f4-01b88effb409 - cached hit (0ms)
[check] https://www.reddit.com/r/popular/best/?geo_filter=ca - cached hit (0ms)
[check] https://www.reddit.com/r/malefashionadvice - cached hit (2ms)
[check] https://www.reddit.com/r/reddeadredemption - cached hit (4ms)
[check] https://ads.reddit.com/register?utm_source=web3x_consumer&utm_name=left_nav_cta - cached hit (1ms)
[check] https://canyoublockit.com/testing/ - cache miss (31ms)
[check] https://canyoublockit.com/testing/ - cached hit (3ms)
[check] https://canyoublockit.com/testing/ - cached hit (1ms)
[check] https://canyoublockit.com/testing/ - cached hit (0ms)
[check] https://canyoublockit.com/testing/ - cached hit (1ms)
[check] https://googleads.g.doubleclick.net/pagead/html/r20251211/r20190131/zrt_lookup_fy2021.html - cache miss (6ms)
[check] https://pagead2.googlesyndication.com/pagead/js/adsbygoogle.js?client=ca-pub-1525110894603983 - cache miss (4ms)
[check] https://www.googletagmanager.com/gtag/js?id=G-KSLHMTKGH0 - cached hit (1ms)
[check] https://canyoublockit.com/ - cached hit (1ms)
[check] https://canyoublockit.com/advanced-adblocker-test/native-ads/ - cached hit (0ms)
[check] https://pagead2.googlesyndication.com/pagead/managed/js/adsense/m202512100101/show_ads_impl_fy2021.js - cached hit (1ms)
[check] https://canyoublockit.com/advanced-adblocker-test/pop-under-ads/ - cached hit (2ms)
[check] https://canyoublockit.com/advanced-adblocker-test/push-notification-ads/ - cached hit (0ms)
[check] https://canyoublockit.com/advanced-adblocker-test/adblock-detector/ - cached hit (1ms)
[check] https://canyoublockit.com/testing/ - cached hit (3ms)
[check] https://canyoublockit.com/testing/ - cached hit (1ms)
[check] https://canyoublockit.com/testing/ - cached hit (4ms)
[check] https://canyoublockit.com/testing/ - cached hit (1ms)
[check] https://canyoublockit.com/testing/ - cached hit (0ms)
[check] https://googleads.g.doubleclick.net/pagead/html/r20251211/r20190131/zrt_lookup_fy2021.html - cached hit (1ms)
[check] https://pagead2.googlesyndication.com/pagead/managed/js/adsense/m202512100101/show_ads_impl_fy2021.js - cached hit (1ms)
[check] https://pagead2.googlesyndication.com/pagead/js/adsbygoogle.js?client=ca-pub-1525110894603983 - cached hit (3ms)
[check] https://canyoublockit.com/advanced-adblocker-test/push-notification-ads/ - cached hit (1ms)
[check] https://www.googletagmanager.com/gtag/js?id=G-KSLHMTKGH0 - cached hit (1ms)
[check] https://canyoublockit.com/ - cached hit (0ms)
[check] https://canyoublockit.com/advanced-adblocker-test/native-ads/ - cached hit (0ms)
[check] https://canyoublockit.com/advanced-adblocker-test/pop-under-ads/ - cached hit (0ms)
[check] https://canyoublockit.com/advanced-adblocker-test/adblock-detector/ - cached hit (1ms)
[check] https://canyoublockit.com/testing/ - cached hit (5ms)
[check] https://canyoublockit.com/testing/ - cached hit (3ms)
[check] https://canyoublockit.com/testing/ - cached hit (2ms)
[check] https://canyoublockit.com/testing/ - cached hit (1ms)
[check] https://canyoublockit.com/testing/ - cached hit (1ms)
[check] https://googleads.g.doubleclick.net/pagead/html/r20251211/r20190131/zrt_lookup_fy2021.html - cached hit (1ms)
[check] https://pagead2.googlesyndication.com/pagead/managed/js/adsense/m202512100101/show_ads_impl_fy2021.js - cached hit (5ms)
[check] https://pagead2.googlesyndication.com/pagead/js/adsbygoogle.js?client=ca-pub-1525110894603983 - cached hit (1ms)
[check] https://www.googletagmanager.com/gtag/js?id=G-KSLHMTKGH0 - cached hit (0ms)
[check] https://canyoublockit.com/ - cached hit (0ms)
[check] https://canyoublockit.com/advanced-adblocker-test/native-ads/ - cached hit (0ms)
[check] https://canyoublockit.com/advanced-adblocker-test/pop-under-ads/ - cached hit (0ms)
[check] https://canyoublockit.com/advanced-adblocker-test/push-notification-ads/ - cached hit (1ms)
[check] https://canyoublockit.com/advanced-adblocker-test/adblock-detector/ - cached hit (1ms)
[check] https://www.ehow.com/ - cache miss (9ms)
[check] https://www.ehow.com/ - cached hit (3ms)
[check] https://www.ehow.com/ - cached hit (0ms)
[check] https://googleads.g.doubleclick.net/pagead/html/r20251211/r20190131/zrt_lookup_fy2021.html - cached hit (0ms)
[check] https://googleads.g.doubleclick.net/pagead/html/r20251211/r20190131/zrt_lookup_fy2021.html#RS-0-&adk=1812271808&client=ca-pub-2603947642260127&fa=8&ifi=7&uci=a!7 - cached hit (0ms)
[check] https://eus.rubiconproject.com/usync.html - cached hit (1ms)
[check] https://ads.pubmatic.com/AdServer/js/user_sync.html?kdntuid=1&p=166922 - cached hit (1ms)
[check] https://ads.pubmatic.com/AdServer/js/user_sync.html?gdpr=&gdpr_consent=&us_privacy=&predirect=https%3A%2F%2Fpbs-eu-central.ay.delivery%2Fsetuid%3Fbidder%3Dpubmatic%26gdpr%3D%26gdpr_consent%3D%26gpp%3D%26gpp_sid%3D%26f%3Db%26uid%3D - cached hit (1ms)
[check] https://pagead2.googlesyndication.com/pagead/managed/js/adsense/m202512100101/reactive_library_fy2021.js - cached hit (0ms)
[check] https://sb.scorecardresearch.com/cs/6036385/beacon.js - cache miss (5ms)
[check] https://www.google-analytics.com/analytics.js - cached hit (2ms)
[check] https://www.googletagmanager.com/gtm.js?id=GTM-KXRFCP9J&rand=176573885603965931468 - cached hit (0ms)
[check] https://securepubads.g.doubleclick.net/tag/js/gpt.js - cached hit (2ms)
[check] https://www.googletagmanager.com/gtag/js?id=G-WEL6MRH7LV&cx=c&gtm=4e5ca1 - cached hit (0ms)
[check] https://pagead2.googlesyndication.com/pagead/managed/js/adsense/m202512100101/show_ads_impl_fy2021.js - cached hit (1ms)
[check] https://ads.pubmatic.com/AdServer/js/pwt/166922/18848/pwt.js - cached hit (1ms)
[check] https://securepubads.g.doubleclick.net/pagead/managed/js/gpt/m202512040101/pubads_impl.js - cached hit (0ms)
[check] https://pagead2.googlesyndication.com/pagead/js/adsbygoogle.js?client=ca-pub-2603947642260127 - cached hit (1ms)
[check] https://www.ehow.com/ - cached hit (0ms)
[check] https://www.ehow.com/ - cached hit (2ms)
[check] https://www.ehow.com/ - cached hit (1ms)
[check] https://googleads.g.doubleclick.net/pagead/html/r20251211/r20190131/zrt_lookup_fy2021.html - cached hit (1ms)
[check] https://googleads.g.doubleclick.net/pagead/html/r20251211/r20190131/zrt_lookup_fy2021.html#RS-0-&adk=1812271808&client=ca-pub-2603947642260127&fa=8&ifi=7&uci=a!7 - cached hit (1ms)
[check] https://eus.rubiconproject.com/usync.html - cached hit (1ms)
[check] https://ads.pubmatic.com/AdServer/js/user_sync.html?kdntuid=1&p=166922 - cached hit (1ms)
[check] https://ads.pubmatic.com/AdServer/js/user_sync.html?gdpr=&gdpr_consent=&us_privacy=&predirect=https%3A%2F%2Fpbs-eu-central.ay.delivery%2Fsetuid%3Fbidder%3Dpubmatic%26gdpr%3D%26gdpr_consent%3D%26gpp%3D%26gpp_sid%3D%26f%3Db%26uid%3D - cached hit (1ms)
[check] https://pagead2.googlesyndication.com/pagead/managed/js/adsense/m202512100101/reactive_library_fy2021.js - cached hit (0ms)
[check] https://sb.scorecardresearch.com/cs/6036385/beacon.js - cached hit (1ms)
[check] https://www.google-analytics.com/analytics.js - cached hit (0ms)
[check] https://www.googletagmanager.com/gtag/js?id=G-WEL6MRH7LV&cx=c&gtm=4e5ca1 - cached hit (0ms)
[check] https://pagead2.googlesyndication.com/pagead/managed/js/adsense/m202512100101/show_ads_impl_fy2021.js - cached hit (1ms)
[check] https://ads.pubmatic.com/AdServer/js/pwt/166922/18848/pwt.js - cached hit (0ms)
[check] https://www.googletagmanager.com/gtm.js?id=GTM-KXRFCP9J&rand=176573885603965931468 - cached hit (0ms)
[check] https://securepubads.g.doubleclick.net/tag/js/gpt.js - cached hit (0ms)
[check] https://securepubads.g.doubleclick.net/pagead/managed/js/gpt/m202512040101/pubads_impl.js - cached hit (0ms)
[check] https://pagead2.googlesyndication.com/pagead/js/adsbygoogle.js?client=ca-pub-2603947642260127 - cached hit (0ms)
[check] https://www.ehow.com/13779178/houseplant-help-lipstick-plant-aeschynanthus-radicans - cached hit (0ms)
[check] https://www.ehow.com/13779148/how-to-make-beetlejuice-shrunken-head-cake-pops - cached hit (0ms)
[check] https://www.ehow.com/13779143/filipino-avocado-shake - cached hit (0ms)
[check] https://technologyadvice.com/contact-us/?utm_medium=portfolio_footer&utm_campaign=advertise_contact-us&utm-source=ehow - cache miss (5ms)
[check] https://sb.scorecardresearch.com/cs/6036385/beacon.js - cached hit (9ms)
[check] https://www.google-analytics.com/analytics.js - cached hit (1ms)
[check] https://www.googletagmanager.com/gtag/js?id=G-WEL6MRH7LV&cx=c&gtm=4e5ca1 - cached hit (1ms)
[check] https://www.googletagmanager.com/gtm.js?id=GTM-KXRFCP9J&rand=17657388896911373767 - cached hit (1ms)
[check] https://securepubads.g.doubleclick.net/tag/js/gpt.js - cached hit (1ms)
[check] https://securepubads.g.doubleclick.net/pagead/managed/js/gpt/m202512040101/pubads_impl.js - cached hit (5ms)
[check] https://www.ehow.com/13776848/diy-breakfast-cereal - cached hit (1ms)
[check] https://www.ehow.com/13776640/ramandan-cookbook - cached hit (7ms)
[check] https://www.ehow.com/13767303/homemade-pastitsio-greek-lasagna-recipe - cached hit (0ms)
[check] https://www.ehow.com/13731141/chicken-enchilada-soup-recipe - cached hit (0ms)
[check] https://technologyadvice.com/contact-us/?utm_medium=portfolio_footer&utm_campaign=advertise_contact-us&utm-source=ehow - cached hit (0ms)
[check] https://adblock-tester.com/ - cache miss (5ms)
[check] https://adblock-tester.com/ - cached hit (0ms)
[check] https://googleads.g.doubleclick.net/pagead/html/r20251211/r20190131/zrt_lookup_fy2021.html - cached hit (0ms)
[check] https://pagead2.googlesyndication.com/pagead/managed/js/adsense/m202512100101/show_ads_impl_fy2021.js - cached hit (3ms)
[check] https://pagead2.googlesyndication.com/pagead/js/adsbygoogle.js - cached hit (0ms)
[check] http://url.totaladblock.com/671fa6f5a0aaa/click/at - cache miss (2ms)
[check] https://www.googletagmanager.com/gtag/js?id=G-EPK7X69JWC - cached hit (1ms)
[check] https://pagead2.googlesyndication.com/pagead/js/adsbygoogle.js?client=ca-pub-6430039911615607 - cached hit (0ms)
[check] https://url.totaladblock.com/671fa6f5a0aaa/click/at - cached hit (0ms)
[check] https://adblock-tester.com/ - cached hit (0ms)
[check] https://adblock.turtlecute.org/ - cache miss (5ms)
[check] https://www.googletagmanager.com/gtag/js?id=AW-621195757&cx=c&gtm=4e5ca1 - cached hit (3ms)
[check] https://www.google-analytics.com/analytics.js - cached hit (1ms)
[check] https://sb.scorecardresearch.com/beacon.js - cached hit (0ms)
[check] https://www.googletagmanager.com/gtag/js?id=AW-621195757 - cached hit (0ms)
[check] https://www.googletagmanager.com/gtm.js?id=GTM-KTN543J&gtm_cookies_win=x - cached hit (2ms)
[check] https://www.googletagmanager.com/gtag/js?id=G-NCN9V8PMQF - cached hit (4ms)
[check] https://c.amazon-adsystem.com/aax2/apstag.js - cached hit (1ms)
[check] https://config.aps.amazon-adsystem.com/configs/3023 - cached hit (0ms)
[check] https://securepubads.g.doubleclick.net/pagead/managed/js/gpt/m202512040101/pubads_impl.js - cached hit (1ms)
[check] https://www.tmz.com/ - cache miss (2ms)
[check] https://www.tmz.com/ - cached hit (1ms)
[check] https://www.facebook.com/TMZ - cache miss (4ms)
[check] https://twitter.com/TMZ - cache miss (3ms)
[check] https://www.youtube.com/user/TMZ - cached hit (1ms)
[check] https://www.instagram.com/tmz_tv/ - cache miss (2ms)
[check] https://www.tmz.com/pages/tips/ - cached hit (1ms)
[check] https://www.tmz.com/ - cached hit (0ms)
[check] https://www.tmz.com/privacy - cached hit (0ms)
[check] https://www.tmz.com/2025/12/14/adam-brody-good-genes-or-good-docs/ - cached hit (1ms)
[check] https://www.tmz.com/2025/12/14/video-chrisean-rock-slapped-after-reaching-for-fan-phone/ - cached hit (1ms)
[check] https://www.tmz.com/2025/12/14/video-chrisean-rock-slapped-after-reaching-for-fan-phone/#continued - cached hit (1ms)
[check] https://www.tmz.com/2025/12/14/all-american-rejects-help-fainting-fan-halting-performance/#continued - cached hit (1ms)
[check] https://www.tmz.com/2025/12/14/kylie-jenner-red-dress-los-angeles-holiday-party/#continued - cached hit (0ms)
[check] https://www.tmz.com/2025/12/14/gift-guide-creator-starter-kits/#continued - cached hit (0ms)
[check] https://www.tmz.com/2025/12/14/doordash-driver-arrested-pepper-spraying-food/#continued - cached hit (1ms)
[check] https://www.tmz.com/2025/12/14/video-bystander-disarming-bondi-beach-gunman/#continued - cached hit (1ms)
[check] https://www.tmz.com/2025/12/10/dynzell-sigers-height-surgery/ - cached hit (1ms)
[check] https://www.tmz.com/2025/12/08/candice-king-pregnant-clear-blue-advertisement/ - cached hit (0ms)
[check] https://www.tmz.com/2025/12/14/brown-university-shooter-suspect-custody-video/#continued - cached hit (7ms)
[check] https://amzn.to/438HmfY - cache miss (3ms)
[check] https://www.tmz.com/2025/12/14/holiday-guide-best-stocking-stuffers/#continued - cached hit (1ms)
[check] https://www.tmz.com/2025/12/14/australia-deadly-shooting-dozen-people-killed/ - cached hit (1ms)
[check] https://www.tmz.com/2025/12/14/australia-deadly-shooting-dozen-people-killed/#continued - cached hit (1ms)
[check] https://www.tmz.com/2025/12/14/john-cena-retires-wwe-loss-against-gunther/#continued - cached hit (2ms)
[check] https://www.tmz.com/2025/12/14/michael-pittman-reacts-colts-signing-philip-rivers/#continued - cached hit (1ms)
[check] https://www.tmz.com/people/adam-brody/ - cached hit (0ms)
[check] https://www.tmz.com/photos/2025/12/14/adam-brody-through-the-years/ - cached hit (1ms)
[check] https://www.tmz.com/2025/12/13/united-flight-loses-engine-power-starts-brush-fire/#continued - cached hit (0ms)
[check] https://www.tmz.com/?page=2&cursor=eyJvcmRlcl9kYXRlX2JlZm9yZSI6MTc2NTY3NDQzN30&locale=en - cached hit (2ms)
[check] https://www.tmz.com/pages/advertise/ - cached hit (1ms)
[check] https://itunes.apple.com/app/apple-store/id299948601?pt=201436&ct=Footer%20Link&mt=8 - cache miss (5ms)
[check] https://play.google.com/store/apps/details?id=com.rhythmnewmedia.tmz&referrer=utm_source%3Dtmzfooter%26utm_medium%3Dnative%26utm_campaign%3Dfooter%26anid%3Dadmob - cached hit (1ms)
[check] https://4b1f447ccf1e819926a8ae43a9f7e24f.safeframe.googlesyndication.com/safeframe/1-0-45/html/container.html - cache miss (7ms)
[check] https://s.amazon-adsystem.com/iu3?cm3ppd=1&d=dtb-pub&csif=t&gdpr=0&dl=rx - cached hit (2ms)
[check] https://www.googletagmanager.com/gtm.js?id=GTM-KTN543J&gtm_cookies_win=x - cached hit (1ms)
[check] https://www.googletagmanager.com/gtag/js?id=AW-621195757&cx=c&gtm=4e5ca1 - cached hit (1ms)
[check] https://www.google-analytics.com/analytics.js - cached hit (1ms)
[check] https://sb.scorecardresearch.com/beacon.js - cached hit (1ms)
[check] https://www.googletagmanager.com/gtag/js?id=AW-621195757 - cached hit (0ms)
[check] https://www.googletagmanager.com/gtag/js?id=G-NCN9V8PMQF - cached hit (0ms)
[check] https://c.amazon-adsystem.com/aax2/apstag.js - cached hit (0ms)
[check] https://config.aps.amazon-adsystem.com/configs/3023 - cached hit (0ms)
[check] https://securepubads.g.doubleclick.net/pagead/managed/js/gpt/m202512040101/pubads_impl.js - cached hit (1ms)
[check] https://www.tmz.com/hip-hop/ - cached hit (2ms)
[check] https://www.tmz.com/hip-hop/ - cached hit (1ms)
[check] https://www.facebook.com/TMZ - cached hit (0ms)
[check] https://twitter.com/TMZ - cached hit (1ms)
[check] https://www.youtube.com/user/TMZ - cached hit (2ms)
[check] https://www.instagram.com/tmz_tv/ - cached hit (0ms)
[check] https://www.tmz.com/pages/tips/ - cached hit (1ms)
[check] https://www.googletagmanager.com/gtag/js?id=G-P3H03Y8BTZ - cached hit (1ms)
[check] https://www.googletagmanager.com/gtag/js?id=G-P3H03Y8BTZ - cached hit (1ms)
[check] https://watchseries.bar/movie/wake-up-dead-man-a-knives-out-mystery/812583 - cache miss (9ms)
[check] https://watchseries.bar/movie/predator-badlands/1242898 - cached hit (12ms)
[check] https://watchseries.bar/movie/the-shadows-edge/1419406 - cached hit (2ms)
[check] https://watchseries.bar/tv/adams-sweet-agony/241002 - cached hit (1ms)
[check] https://watchseries.bar/movie/wake-up-dead-man-a-knives-out-mystery/812583 - cached hit (3ms)
[check] https://watchseries.bar/movie/predator-badlands/1242898 - cached hit (3ms)
[check] https://watchseries.bar/movie/the-shadows-edge/1419406 - cached hit (3ms)
[check] https://watchseries.bar/tv/adams-sweet-agony/241002 - cached hit (2ms)
[check] https://watchseries.bar/movie/wake-up-dead-man-a-knives-out-mystery/812583 - cached hit (1ms)
[check] https://watchseries.bar/movie/predator-badlands/1242898 - cached hit (1ms)
[check] https://watchseries.bar/movie/the-shadows-edge/1419406 - cached hit (0ms)
[check] https://watchseries.bar/tv/adams-sweet-agony/241002 - cached hit (1ms)
[check] https://watchseries.bar/movie/wake-up-dead-man-a-knives-out-mystery/812583 - cached hit (2ms)
[check] https://watchseries.bar/movie/predator-badlands/1242898 - cached hit (2ms)
[check] https://watchseries.bar/movie/the-shadows-edge/1419406 - cached hit (1ms)
[check] https://watchseries.bar/tv/adams-sweet-agony/241002 - cached hit (1ms)
[check] https://dailymotionadvertising.com/ - cache miss (8ms)
[check] https://www.dailymotion.com/video/x9vm7hc - cache miss (3ms)
[check] https://www.dailymotion.com/video/x9vm45u - cached hit (4ms)
[check] https://www.dailymotion.com/video/x9veyo4 - cached hit (2ms)
[check] https://www.dailymotion.com/video/x9vlsrc - cached hit (2ms)
[check] https://www.dailymotion.com/video/x9vlsoe - cached hit (0ms)
[check] https://dailymotionadvertising.com/ - cached hit (0ms)
[check] https://www.dailymotion.com/video/x9vm7hc - cached hit (1ms)
[check] https://www.dailymotion.com/video/x9vm45u - cached hit (0ms)
[check] https://www.dailymotion.com/video/x9veyo4 - cached hit (0ms)
[check] https://www.dailymotion.com/video/x9vlsrc - cached hit (3ms)
[check] https://www.dailymotion.com/video/x9vlsoe - cached hit (1ms)
[check] https://dailymotionadvertising.com/ - cached hit (1ms)
[check] https://www.dailymotion.com/video/x9vm7hc - cached hit (1ms)
[check] https://www.dailymotion.com/video/x9vm45u - cached hit (1ms)
[check] https://www.dailymotion.com/video/x9veyo4 - cached hit (3ms)
[check] https://www.dailymotion.com/video/x9vlsrc - cached hit (1ms)
[check] https://www.dailymotion.com/video/x9vlsoe - cached hit (1ms)
[check] https://dailymotionadvertising.com/ - cached hit (2ms)
[check] https://www.dailymotion.com/video/x9vm7hc - cached hit (1ms)
[check] https://www.dailymotion.com/video/x9vm45u - cached hit (1ms)
[check] https://www.dailymotion.com/video/x9veyo4 - cached hit (1ms)
[check] https://www.dailymotion.com/video/x9vlsrc - cached hit (3ms)
[check] https://www.dailymotion.com/video/x9vlsoe - cached hit (1ms)
[check] https://dailymotionadvertising.com/ - cached hit (0ms)
[check] https://www.dailymotion.com/video/x9vm7hc - cached hit (3ms)
[check] https://www.dailymotion.com/video/x9vm45u - cached hit (1ms)
[check] https://www.dailymotion.com/video/x9veyo4 - cached hit (1ms)
[check] https://www.dailymotion.com/video/x9vlsrc - cached hit (6ms)
[check] https://www.dailymotion.com/video/x9vlsoe - cached hit (1ms)
[check] https://dailymotionadvertising.com/ - cached hit (1ms)
[check] https://www.dailymotion.com/video/x9vm7hc - cached hit (4ms)
[check] https://www.dailymotion.com/video/x9vm45u - cached hit (1ms)
[check] https://www.dailymotion.com/video/x9veyo4 - cached hit (2ms)
[check] https://www.dailymotion.com/video/x9vlsrc - cached hit (1ms)
[check] https://www.dailymotion.com/video/x9vlsoe - cached hit (1ms)
[check] https://securepubads.g.doubleclick.net/tag/js/gpt.js - cached hit (1ms)
[check] https://client.aps.amazon-adsystem.com/publisher.js - cached hit (0ms)
[check] https://www.googletagmanager.com/gtag/destination?id=G-R820W8QX02&cx=c&gtm=4e5cb0h2 - cached hit (3ms)
[check] https://config.aps.amazon-adsystem.com/configs/3158 - cached hit (3ms)
[check] https://www.googletagmanager.com/gtm.js?id=GTM-NHBTHTVT - cached hit (1ms)
[check] https://securepubads.g.doubleclick.net/pagead/managed/js/gpt/m202512040101/pubads_impl.js - cached hit (0ms)
[check] https://www.google.com/preferences/source?q=cnet.com - cached hit (0ms)
[check] https://www.cnet.com/deals/best-ipad-deals/ - cache miss (3ms)
[check] https://www.cnet.com/home/gifts-for-people-who-have-everything/ - cached hit (5ms)
[check] https://www.cnet.com/gifts/best-advent-calendars-for-kids/ - cached hit (5ms)
[check] https://www.cnet.com/tech/mobile/best-headphones/ - cached hit (1ms)
[check] https://www.cnet.com/tech/computing/best-ipad/ - cached hit (1ms)
[check] https://www.cnet.com/deals/best-ipad-pro-deals/ - cached hit (1ms)
[check] https://www.cnet.com/home/kitchen-and-household/best-showerhead/ - cached hit (3ms)
[check] https://www.cnet.com/home/kitchen-and-household/best-bread-machines/ - cached hit (1ms)
[check] https://www.cnet.com/tech/gaming/best-vr-headset/ - cached hit (1ms)
[check] https://www.cnet.com/health/sleep/best-adjustable-mattress/ - cached hit (0ms)
[check] https://www.cnet.com/health/sleep/headphones-for-sleeping/ - cached hit (0ms)
[check] https://www.cnet.com/health/fitness/best-treadmill/ - cached hit (3ms)
[check] https://www.cnet.com/health/personal-care/best-reading-glasses/ - cached hit (1ms)
[check] https://www.cnet.com/videos/the-real-reason-to-upgrade-to-iphone-16e-its-not-ai/ - cached hit (3ms)
[check] https://www.amazon.com/Bose-QuietComfort-Cancelling-Headphones-Bluetooth/dp/B0D4Z9C562?th=1&tag=cnet-buy-button-20&ascsubtag=hardcoded-homepage-product-links - cache miss (3ms)
[check] https://www.cnet.com/tech/services-and-software/la-liga-soccer-stream-alaves-real-madrid-live-from-anywhere/ - cached hit (1ms)
[check] https://www.cnet.com/tech/gaming/i-tried-valves-steam-frame-machine-and-controller-coming-in-2026-steam-os-is-coming-for-your-face-and-tv/ - cached hit (1ms)
